<?xml version="1.0" encoding="UTF-8"?>
<!-- Generated by org.testng.reporters.JUnitReportReporter -->
<testsuite hostname="admins-MBP" failures="0" tests="4" name="Carttest.AutomationExercise" time="20.220" errors="0" timestamp="2025-09-01T12:17:06 GST" skipped="0">
  <testcase classname="Carttest.AutomationExercise" name="login" time="6.570"/>
  <testcase classname="Carttest.AutomationExercise" name="SearchProduct" time="5.414"/>
  <testcase classname="Carttest.AutomationExercise" name="Addtocart" time="4.278"/>
  <testcase classname="Carttest.AutomationExercise" name="Placeorder" time="3.958"/>
</testsuite> <!-- Carttest.AutomationExercise -->
